<?xml version="1.0" encoding="UTF-8"?>
<testng-results ignored="0" total="1" passed="1" failed="0" skipped="0">
  <reporter-output>
  </reporter-output>
  <suite started-at="2022-09-29T09:52:01 IST" name="Default suite" finished-at="2022-09-29T09:52:21 IST" duration-ms="20391">
    <groups>
    </groups>
    <test started-at="2022-09-29T09:52:01 IST" name="Default test" finished-at="2022-09-29T09:52:21 IST" duration-ms="20391">
      <class name="testCases.LoginTestCase">
        <test-method is-config="true" signature="startApp()[pri:0, instance:testCases.LoginTestCase@77fbd92c]" started-at="2022-09-29T09:52:03 IST" name="startApp" finished-at="2022-09-29T09:52:19 IST" duration-ms="16039" status="PASS">
          <reporter-output>
          </reporter-output>
        </test-method> <!-- startApp -->
        <test-method signature="runLoginTestCase(java.lang.String,java.lang.String)[pri:0, instance:testCases.LoginTestCase@77fbd92c]" started-at="2022-09-29T09:52:19 IST" name="runLoginTestCase" data-provider="loginData" finished-at="2022-09-29T09:52:20 IST" duration-ms="972" status="PASS">
          <params>
            <param index="0">
              <value>
                <![CDATA[Admin]]>
              </value>
            </param>
            <param index="1">
              <value>
                <![CDATA[admin123]]>
              </value>
            </param>
          </params>
          <reporter-output>
          </reporter-output>
        </test-method> <!-- runLoginTestCase -->
        <test-method is-config="true" signature="closeApp()[pri:0, instance:testCases.LoginTestCase@77fbd92c]" started-at="2022-09-29T09:52:20 IST" name="closeApp" finished-at="2022-09-29T09:52:21 IST" duration-ms="1059" status="PASS">
          <reporter-output>
          </reporter-output>
        </test-method> <!-- closeApp -->
      </class> <!-- testCases.LoginTestCase -->
    </test> <!-- Default test -->
  </suite> <!-- Default suite -->
</testng-results>
